<?xml version="1.0" encoding="UTF-8"?>
<!-- Generated by org.testng.reporters.JUnitReportReporter -->
<testsuite hostname="ISSLT560" failures="0" tests="6" name="com.vajra.TestClass.TC_Sales_Login" time="74.421" errors="0" timestamp="2021-04-05T18:37:27 IST" skipped="0">
  <testcase classname="com.vajra.TestClass.TC_Sales_Login" name="loginSales" time="18.504"/>
  <system-out/>
  <testcase classname="com.vajra.TestClass.TC_Sales_Login" name="loginSales" time="13.857"/>
  <system-out/>
  <testcase classname="com.vajra.TestClass.TC_Sales_Login" name="loginSales" time="16.531"/>
  <system-out/>
  <testcase classname="com.vajra.TestClass.TC_Sales_Login" name="loginSales" time="22.238"/>
  <system-out/>
  <testcase classname="com.vajra.TestClass.TC_Sales_Login" name="loginSales" time="1.673"/>
  <system-out/>
  <testcase classname="com.vajra.TestClass.TC_Sales_Login" name="loginSales" time="1.618"/>
  <system-out/>
</testsuite> <!-- com.vajra.TestClass.TC_Sales_Login -->
