<?xml version="1.0" encoding="UTF-8"?>
<!-- Generated by org.testng.reporters.JUnitReportReporter -->
<testsuite hostname="ISSLT560" failures="0" tests="6" name="com.vajra.TestClass.TC_Sales_Login" time="33.081" errors="0" timestamp="2021-04-05T13:36:17 IST" skipped="0">
  <testcase classname="com.vajra.TestClass.TC_Sales_Login" name="loginSales" time="9.648"/>
  <system-out/>
  <testcase classname="com.vajra.TestClass.TC_Sales_Login" name="loginSales" time="6.741"/>
  <system-out/>
  <testcase classname="com.vajra.TestClass.TC_Sales_Login" name="loginSales" time="7.473"/>
  <system-out/>
  <testcase classname="com.vajra.TestClass.TC_Sales_Login" name="loginSales" time="6.662"/>
  <system-out/>
  <testcase classname="com.vajra.TestClass.TC_Sales_Login" name="loginSales" time="1.197"/>
  <system-out/>
  <testcase classname="com.vajra.TestClass.TC_Sales_Login" name="loginSales" time="1.360"/>
  <system-out/>
</testsuite> <!-- com.vajra.TestClass.TC_Sales_Login -->
