<?xml version="1.0" encoding="UTF-8"?>
<!-- Generated by org.testng.reporters.JUnitReportReporter -->
<testsuite hostname="ISSLT560" failures="0" tests="6" name="com.vajra.TestClass.LoginusingExcelsheet" time="47.114" errors="0" timestamp="2021-04-05T12:22:41 IST" skipped="0">
  <testcase classname="com.vajra.TestClass.LoginusingExcelsheet" name="loginSales" time="14.993"/>
  <system-out/>
  <testcase classname="com.vajra.TestClass.LoginusingExcelsheet" name="loginSales" time="1.188"/>
  <system-out/>
  <testcase classname="com.vajra.TestClass.LoginusingExcelsheet" name="loginSales" time="8.811"/>
  <system-out/>
  <testcase classname="com.vajra.TestClass.LoginusingExcelsheet" name="loginSales" time="10.640"/>
  <system-out/>
  <testcase classname="com.vajra.TestClass.LoginusingExcelsheet" name="loginSales" time="9.623"/>
  <system-out/>
  <testcase classname="com.vajra.TestClass.LoginusingExcelsheet" name="loginSales" time="1.859"/>
  <system-out/>
</testsuite> <!-- com.vajra.TestClass.LoginusingExcelsheet -->
