<?xml version="1.0" encoding="UTF-8"?>
<!-- Generated by org.testng.reporters.JUnitReportReporter -->
<testsuite hostname="ISSLT560" failures="0" tests="2" name="com.vajra.TestClass.Login_TestCase_001" time="2.606" errors="1" timestamp="2021-03-09T15:39:49 IST" skipped="1">
  <testcase classname="com.vajra.TestClass.Login_TestCase_001" name="Login_TestCase" time="0.000">
    <skipped/>
  </testcase> <!-- Login_TestCase -->
  <system-out/>
  <testcase classname="com.vajra.TestClass.Login_TestCase_001" name="setup" time="2.606">
    <error message="session not created: This version of ChromeDriver only supports Chrome version 84
Build info: version: &#039;3.141.59&#039;, revision: &#039;e82be7d358&#039;, time: &#039;2018-11-14T08:17:03&#039;
System info: host: &#039;ISSLT560&#039;, ip: &#039;172.16.1.5&#039;, os.name: &#039;Windows 10&#039;, os.arch: &#039;amd64&#039;, os.version: &#039;10.0&#039;, java.version: &#039;15.0.2&#039;
Driver info: driver.version: ChromeDriver
remote stacktrace: Backtrace:
	Ordinal0 [0x011487E3+2852835]
	Ordinal0 [0x01035BB1+1727409]
	Ordinal0 [0x00F0E4B9+517305]
	Ordinal0 [0x00EA0BA0+68512]
	Ordinal0 [0x00E9D3A0+54176]
	Ordinal0 [0x00EBD9F7+186871]
	Ordinal0 [0x00EBD7FD+186365]
	Ordinal0 [0x00EBB70B+177931]
	Ordinal0 [0x00EA2584+75140]
	Ordinal0 [0x00EA3650+79440]
	Ordinal0 [0x00EA35E9+79337]
	Ordinal0 [0x0104AD5C+1813852]
	GetHandleVerifier [0x0126C616+1075574]
	GetHandleVerifier [0x0126C367+1074887]
	GetHandleVerifier [0x01277497+1120247]
	GetHandleVerifier [0x0126CC16+1077110]
	Ordinal0 [0x01043206+1782278]
	Ordinal0 [0x0104C3BB+1819579]
	Ordinal0 [0x0104C523+1819939]
	Ordinal0 [0x01062B45+1911621]
	BaseThreadInitThunk [0x76CD62C4+36]
	RtlSubscribeWnfStateChangeNotification [0x77060F79+1081]
	RtlSubscribeWnfStateChangeNotification [0x77060F44+1028]
" type="org.openqa.selenium.SessionNotCreatedException">
      <![CDATA[org.openqa.selenium.SessionNotCreatedException: session not created: This version of ChromeDriver only supports Chrome version 84
Build info: version: '3.141.59', revision: 'e82be7d358', time: '2018-11-14T08:17:03'
System info: host: 'ISSLT560', ip: '172.16.1.5', os.name: 'Windows 10', os.arch: 'amd64', os.version: '10.0', java.version: '15.0.2'
Driver info: driver.version: ChromeDriver
remote stacktrace: Backtrace:
Ordinal0 [0x011487E3+2852835]
Ordinal0 [0x01035BB1+1727409]
Ordinal0 [0x00F0E4B9+517305]
Ordinal0 [0x00EA0BA0+68512]
Ordinal0 [0x00E9D3A0+54176]
Ordinal0 [0x00EBD9F7+186871]
Ordinal0 [0x00EBD7FD+186365]
Ordinal0 [0x00EBB70B+177931]
Ordinal0 [0x00EA2584+75140]
Ordinal0 [0x00EA3650+79440]
Ordinal0 [0x00EA35E9+79337]
Ordinal0 [0x0104AD5C+1813852]
GetHandleVerifier [0x0126C616+1075574]
GetHandleVerifier [0x0126C367+1074887]
GetHandleVerifier [0x01277497+1120247]
GetHandleVerifier [0x0126CC16+1077110]
Ordinal0 [0x01043206+1782278]
Ordinal0 [0x0104C3BB+1819579]
Ordinal0 [0x0104C523+1819939]
Ordinal0 [0x01062B45+1911621]
BaseThreadInitThunk [0x76CD62C4+36]
RtlSubscribeWnfStateChangeNotification [0x77060F79+1081]
RtlSubscribeWnfStateChangeNotification [0x77060F44+1028]

at java.base/jdk.internal.reflect.NativeConstructorAccessorImpl.newInstance0(Native Method)
at java.base/jdk.internal.reflect.NativeConstructorAccessorImpl.newInstance(NativeConstructorAccessorImpl.java:64)
at java.base/jdk.internal.reflect.DelegatingConstructorAccessorImpl.newInstance(DelegatingConstructorAccessorImpl.java:45)
at java.base/java.lang.reflect.Constructor.newInstanceWithCaller(Constructor.java:500)
at java.base/java.lang.reflect.Constructor.newInstance(Constructor.java:481)
at org.openqa.selenium.remote.W3CHandshakeResponse.lambda$errorHandler$0(W3CHandshakeResponse.java:62)
at org.openqa.selenium.remote.HandshakeResponse.lambda$getResponseFunction$0(HandshakeResponse.java:30)
at org.openqa.selenium.remote.ProtocolHandshake.lambda$createSession$0(ProtocolHandshake.java:126)
at java.base/java.util.stream.ReferencePipeline$3$1.accept(ReferencePipeline.java:195)
at java.base/java.util.Spliterators$ArraySpliterator.tryAdvance(Spliterators.java:958)
at java.base/java.util.stream.ReferencePipeline.forEachWithCancel(ReferencePipeline.java:127)
at java.base/java.util.stream.AbstractPipeline.copyIntoWithCancel(AbstractPipeline.java:502)
at java.base/java.util.stream.AbstractPipeline.copyInto(AbstractPipeline.java:488)
at java.base/java.util.stream.AbstractPipeline.wrapAndCopyInto(AbstractPipeline.java:474)
at java.base/java.util.stream.FindOps$FindOp.evaluateSequential(FindOps.java:150)
at java.base/java.util.stream.AbstractPipeline.evaluate(AbstractPipeline.java:234)
at java.base/java.util.stream.ReferencePipeline.findFirst(ReferencePipeline.java:543)
at org.openqa.selenium.remote.ProtocolHandshake.createSession(ProtocolHandshake.java:128)
at org.openqa.selenium.remote.ProtocolHandshake.createSession(ProtocolHandshake.java:74)
at org.openqa.selenium.remote.HttpCommandExecutor.execute(HttpCommandExecutor.java:136)
at org.openqa.selenium.remote.service.DriverCommandExecutor.execute(DriverCommandExecutor.java:83)
at org.openqa.selenium.remote.RemoteWebDriver.execute(RemoteWebDriver.java:552)
at org.openqa.selenium.remote.RemoteWebDriver.startSession(RemoteWebDriver.java:213)
at org.openqa.selenium.remote.RemoteWebDriver.<init>(RemoteWebDriver.java:131)
at org.openqa.selenium.chrome.ChromeDriver.<init>(ChromeDriver.java:181)
at org.openqa.selenium.chrome.ChromeDriver.<init>(ChromeDriver.java:168)
at org.openqa.selenium.chrome.ChromeDriver.<init>(ChromeDriver.java:123)
at com.vajra.TestClass.BaseClasss.setup(BaseClasss.java:34)
at java.base/jdk.internal.reflect.NativeMethodAccessorImpl.invoke0(Native Method)
at java.base/jdk.internal.reflect.NativeMethodAccessorImpl.invoke(NativeMethodAccessorImpl.java:64)
at java.base/jdk.internal.reflect.DelegatingMethodAccessorImpl.invoke(DelegatingMethodAccessorImpl.java:43)
at java.base/java.lang.reflect.Method.invoke(Method.java:564)
at org.testng.internal.MethodInvocationHelper.invokeMethod(MethodInvocationHelper.java:134)
at org.testng.internal.MethodInvocationHelper.invokeMethodConsideringTimeout(MethodInvocationHelper.java:63)
at org.testng.internal.ConfigInvoker.invokeConfigurationMethod(ConfigInvoker.java:348)
at org.testng.internal.ConfigInvoker.invokeConfigurations(ConfigInvoker.java:302)
at org.testng.internal.TestMethodWorker.invokeBeforeClassMethods(TestMethodWorker.java:176)
at org.testng.internal.TestMethodWorker.run(TestMethodWorker.java:122)
at java.base/java.util.ArrayList.forEach(ArrayList.java:1511)
at org.testng.TestRunner.privateRun(TestRunner.java:766)
at org.testng.TestRunner.run(TestRunner.java:587)
at org.testng.SuiteRunner.runTest(SuiteRunner.java:384)
at org.testng.SuiteRunner.runSequentially(SuiteRunner.java:378)
at org.testng.SuiteRunner.privateRun(SuiteRunner.java:337)
at org.testng.SuiteRunner.run(SuiteRunner.java:286)
at org.testng.SuiteRunnerWorker.runSuite(SuiteRunnerWorker.java:53)
at org.testng.SuiteRunnerWorker.run(SuiteRunnerWorker.java:96)
at org.testng.TestNG.runSuitesSequentially(TestNG.java:1187)
at org.testng.TestNG.runSuitesLocally(TestNG.java:1109)
at org.testng.TestNG.runSuites(TestNG.java:1039)
at org.testng.TestNG.run(TestNG.java:1007)
at org.testng.remote.AbstractRemoteTestNG.run(AbstractRemoteTestNG.java:115)
at org.testng.remote.RemoteTestNG.initAndRun(RemoteTestNG.java:251)
at org.testng.remote.RemoteTestNG.main(RemoteTestNG.java:77)
]]>
    </error>
  </testcase> <!-- setup -->
  <system-out/>
</testsuite> <!-- com.vajra.TestClass.Login_TestCase_001 -->
