<?xml version="1.0" encoding="UTF-8"?>
<!-- Generated by org.testng.reporters.JUnitReportReporter -->
<testsuite hostname="ASUS" failures="0" tests="1" name="com.vajra.TestClass.Login_TestCase_001" time="9.946" errors="0" timestamp="2021-03-11T16:10:00 IST" skipped="0">
  <testcase classname="com.vajra.TestClass.Login_TestCase_001" name="Login_TestCase" time="9.946"/>
  <system-out/>
</testsuite> <!-- com.vajra.TestClass.Login_TestCase_001 -->
