<?xml version="1.0" encoding="UTF-8"?>
<!-- Generated by org.testng.reporters.JUnitReportReporter -->
<testsuite hostname="ISSLT560" failures="0" tests="1" name="com.vajra.TestClass.LoginusingExcelsheet" time="0.000" errors="0" timestamp="2021-03-25T16:57:52 IST" skipped="1">
  <testcase classname="com.vajra.TestClass.LoginusingExcelsheet" name="loginSales" time="0.000">
    <skipped/>
  </testcase> <!-- loginSales -->
  <system-out/>
</testsuite> <!-- com.vajra.TestClass.LoginusingExcelsheet -->
