<?xml version="1.0" encoding="UTF-8"?>
<!-- Generated by org.testng.reporters.JUnitReportReporter -->
<testsuite skipped="0" hostname="ISSLT551" name="com.vajra.TestClass.TC_AllLogin_001" tests="5" failures="0" timestamp="2021-03-22T13:05:29 IST" time="43.780" errors="0">
  <testcase name="Login_TestCase_SE" time="17.645" classname="com.vajra.TestClass.TC_AllLogin_001"/>
  <system-out/>
  <testcase name="Login_TestCase_OrderSection" time="5.793" classname="com.vajra.TestClass.TC_AllLogin_001"/>
  <system-out/>
  <testcase name="Login_TestCase_Cashier" time="4.645" classname="com.vajra.TestClass.TC_AllLogin_001"/>
  <system-out/>
  <testcase name="Login_TestCase_StoreHead" time="4.286" classname="com.vajra.TestClass.TC_AllLogin_001"/>
  <system-out/>
  <testcase name="Login_TestCase_OE" time="11.411" classname="com.vajra.TestClass.TC_AllLogin_001"/>
  <system-out/>
</testsuite> <!-- com.vajra.TestClass.TC_AllLogin_001 -->
