<?xml version="1.0" encoding="UTF-8"?>
<!-- Generated by org.testng.reporters.JUnitReportReporter -->
<testsuite skipped="0" hostname="ISSLT551" name="com.vajra.TestClass.Login_TestCase_001" tests="5" failures="0" timestamp="2021-03-15T18:21:19 IST" time="24.836" errors="0">
  <testcase name="Login_TestCase_SE" time="9.049" classname="com.vajra.TestClass.Login_TestCase_001"/>
  <system-out/>
  <testcase name="Login_TestCase_OrderSection" time="4.530" classname="com.vajra.TestClass.Login_TestCase_001"/>
  <system-out/>
  <testcase name="Login_TestCase_Cashier" time="2.772" classname="com.vajra.TestClass.Login_TestCase_001"/>
  <system-out/>
  <testcase name="Login_TestCase_StoreHead" time="2.700" classname="com.vajra.TestClass.Login_TestCase_001"/>
  <system-out/>
  <testcase name="Login_TestCase_OE" time="5.785" classname="com.vajra.TestClass.Login_TestCase_001"/>
  <system-out/>
</testsuite> <!-- com.vajra.TestClass.Login_TestCase_001 -->
