<?xml version="1.0" encoding="UTF-8"?>
<!-- Generated by org.testng.reporters.JUnitReportReporter -->
<testsuite hostname="ISSLT560" failures="0" tests="3" name="com.vajra.TestClass.LoginusingExcelsheet" time="11.357" errors="0" timestamp="2021-03-26T16:23:56 IST" skipped="0">
  <testcase classname="com.vajra.TestClass.LoginusingExcelsheet" name="loginSales" time="6.870"/>
  <system-out/>
  <testcase classname="com.vajra.TestClass.LoginusingExcelsheet" name="loginSales" time="3.839"/>
  <system-out/>
  <testcase classname="com.vajra.TestClass.LoginusingExcelsheet" name="loginSales" time="0.648"/>
  <system-out/>
</testsuite> <!-- com.vajra.TestClass.LoginusingExcelsheet -->
