<?xml version="1.0" encoding="UTF-8"?>
<!-- Generated by org.testng.reporters.JUnitReportReporter -->
<testsuite hostname="ISSLT560" failures="0" tests="1" name="com.vajra.TestClass.TC_AllLogin_001" time="0.000" errors="0" timestamp="2021-04-05T12:22:41 IST" skipped="1">
  <testcase classname="com.vajra.TestClass.TC_AllLogin_001" name="LoginSales" time="0.000">
    <skipped/>
  </testcase> <!-- LoginSales -->
  <system-out/>
</testsuite> <!-- com.vajra.TestClass.TC_AllLogin_001 -->
