<?xml version="1.0" encoding="UTF-8"?>
<!-- Generated by org.testng.reporters.JUnitReportReporter -->
<testsuite hostname="ISSLT560" failures="0" tests="6" name="com.vajra.TestClass.LoginusingExcelsheet" time="41.229" errors="0" timestamp="2021-04-01T16:06:50 IST" skipped="0">
  <testcase classname="com.vajra.TestClass.LoginusingExcelsheet" name="loginSales" time="11.995"/>
  <system-out/>
  <testcase classname="com.vajra.TestClass.LoginusingExcelsheet" name="loginSales" time="8.361"/>
  <system-out/>
  <testcase classname="com.vajra.TestClass.LoginusingExcelsheet" name="loginSales" time="8.054"/>
  <system-out/>
  <testcase classname="com.vajra.TestClass.LoginusingExcelsheet" name="loginSales" time="10.274"/>
  <system-out/>
  <testcase classname="com.vajra.TestClass.LoginusingExcelsheet" name="loginSales" time="1.209"/>
  <system-out/>
  <testcase classname="com.vajra.TestClass.LoginusingExcelsheet" name="loginSales" time="1.336"/>
  <system-out/>
</testsuite> <!-- com.vajra.TestClass.LoginusingExcelsheet -->
